# 
# Steps log generated by SDx
# This log file contains a collection of steps that describe the kernel compilation flow
# Note: Some steps are tagged as internal, these steps are for debugging purposes and 
#       are not expected to be able to run independently.
# 

# The following environment variables are set when running xocc
Environment variables :
------------------------------------------
_RDI_DONT_SET_XILINX_AS_PATH=True
XDG_SESSION_ID=1
HOSTNAME=ip-172-31-39-28.ec2.internal
_LMFILES__modshare=/usr/local/Modules/modulefiles/sdx:1
MODULEPATH_modshare=/usr/local/Modules/modulefiles:1
XILINX_DSP=
TERM=xterm
SHELL=/bin/bash
HISTSIZE=1000
MAKEFLAGS=w -- SDA_FLOW=sw_emu
SSH_CLIENT=192.55.78.2 57123 22
MYVIVADO=
RDI_TPS_ROOT=/opt/Xilinx/Vivado/2017.4.op/tps/lnx64
HDK_SHELL_DIR=/home/centos/src/project_data/aws-fpga/hdk/common/shell_v04261818
HDI_PROCESSOR=x86_64
HDK_SHELL_DESIGN_DIR=/home/centos/src/project_data/aws-fpga/hdk/common/shell_v04261818/design
SYNTH_COMMON=/opt/Xilinx/SDx/2017.4.op/scripts/rt/data
SSH_TTY=/dev/pts/0
RT_TCL_PATH=/opt/Xilinx/SDx/2017.4.op/scripts/rt/base_tcl/tcl
RDI_PREPEND_PATH=/opt/Xilinx/SDK/2017.4.op/bin
RDI_OPT_EXT=.o
USER=centos
MAKEOVERRIDES=${-*-command-variables-*-}
LD_LIBRARY_PATH=/opt/Xilinx/SDx/2017.4.op/lib/lnx64.o/Default:/opt/Xilinx/SDx/2017.4.op/lib/lnx64.o:/opt/Xilinx/SDx/2017.4.op/tps/lnx64/jre/lib/amd64:/opt/Xilinx/SDx/2017.4.op/tps/lnx64/jre/lib/amd64/server:/opt/Xilinx/SDx/2017.4.op/lib/lnx64.o/Default:/opt/Xilinx/SDx/2017.4.op/lib/lnx64.o:/opt/Xilinx/SDx/2017.4.op/lnx64/tools/opencv/:/opt/Xilinx/SDx/2017.4.op/lib/lnx64.o/Default:/opt/Xilinx/SDx/2017.4.op/lib/lnx64.o:/opt/Xilinx/SDx/2017.4.op/runtime/lib/x86_64:/opt/Xilinx/SDx/2017.4.op/bin/../lnx64/tools/dot/lib
LS_COLORS=rs=0:di=01;34:ln=01;36:mh=00:pi=40;33:so=01;35:do=01;35:bd=40;33;01:cd=40;33;01:or=40;31;01:mi=01;05;37;41:su=37;41:sg=30;43:ca=30;41:tw=30;42:ow=34;42:st=37;44:ex=01;32:*.tar=01;31:*.tgz=01;31:*.arc=01;31:*.arj=01;31:*.taz=01;31:*.lha=01;31:*.lz4=01;31:*.lzh=01;31:*.lzma=01;31:*.tlz=01;31:*.txz=01;31:*.tzo=01;31:*.t7z=01;31:*.zip=01;31:*.z=01;31:*.Z=01;31:*.dz=01;31:*.gz=01;31:*.lrz=01;31:*.lz=01;31:*.lzo=01;31:*.xz=01;31:*.bz2=01;31:*.bz=01;31:*.tbz=01;31:*.tbz2=01;31:*.tz=01;31:*.deb=01;31:*.rpm=01;31:*.jar=01;31:*.war=01;31:*.ear=01;31:*.sar=01;31:*.rar=01;31:*.alz=01;31:*.ace=01;31:*.zoo=01;31:*.cpio=01;31:*.7z=01;31:*.rz=01;31:*.cab=01;31:*.jpg=01;35:*.jpeg=01;35:*.gif=01;35:*.bmp=01;35:*.pbm=01;35:*.pgm=01;35:*.ppm=01;35:*.tga=01;35:*.xbm=01;35:*.xpm=01;35:*.tif=01;35:*.tiff=01;35:*.png=01;35:*.svg=01;35:*.svgz=01;35:*.mng=01;35:*.pcx=01;35:*.mov=01;35:*.mpg=01;35:*.mpeg=01;35:*.m2v=01;35:*.mkv=01;35:*.webm=01;35:*.ogm=01;35:*.mp4=01;35:*.m4v=01;35:*.mp4v=01;35:*.vob=01;35:*.qt=01;35:*.nuv=01;35:*.wmv=01;35:*.asf=01;35:*.rm=01;35:*.rmvb=01;35:*.flc=01;35:*.avi=01;35:*.fli=01;35:*.flv=01;35:*.gl=01;35:*.dl=01;35:*.xcf=01;35:*.xwd=01;35:*.yuv=01;35:*.cgm=01;35:*.emf=01;35:*.axv=01;35:*.anx=01;35:*.ogv=01;35:*.ogx=01;35:*.aac=01;36:*.au=01;36:*.flac=01;36:*.mid=01;36:*.midi=01;36:*.mka=01;36:*.mp3=01;36:*.mpc=01;36:*.ogg=01;36:*.ra=01;36:*.wav=01;36:*.axa=01;36:*.oga=01;36:*.spx=01;36:*.xspf=01;36:
RDI_PATCHROOT=
TCL_LIBRARY=/opt/Xilinx/SDx/2017.4.op/tps/tcl/tcl8.5
ENV=/usr/local/Modules/init/profile.sh
RDI_PLATFORM=lnx64
AWS_PLATFORM=/home/centos/src/project_data/aws-fpga/SDAccel/aws_platform/xilinx_aws-vu9p-f1-04261818_dynamic_5_0/xilinx_aws-vu9p-f1-04261818_dynamic_5_0.xpfm
MAKELEVEL=2
RDI_BUILD=yes
MFLAGS=-w
RT_LIBPATH=/opt/Xilinx/SDx/2017.4.op/scripts/rt/data
RDI_LIBDIR=/opt/Xilinx/SDx/2017.4.op/lib/lnx64.o/Default:/opt/Xilinx/SDx/2017.4.op/lib/lnx64.o
AWS_PLATFORM_DYNAMIC_5_0=/home/centos/src/project_data/aws-fpga/SDAccel/aws_platform/xilinx_aws-vu9p-f1-04261818_dynamic_5_0/xilinx_aws-vu9p-f1-04261818_dynamic_5_0.xpfm
MAIL=/var/spool/mail/centos
PATH=/opt/Xilinx/SDx/2017.4.op/bin/../gnu/binutils/bin:/opt/Xilinx/SDK/2017.4.op/gnu/aarch64/lin/aarch64-linux/bin:/opt/Xilinx/SDx/2017.4.op/bin/../gnu/ppc64le/4.9.3/lnx64/bin:/opt/Xilinx/SDK/2017.4.op/gnu/aarch32/lin/gcc-arm-linux-gnueabi/bin:/opt/Xilinx/Vivado/2017.4.op/lnx64/tools/gcc/bin:/opt/Xilinx/SDx/2017.4.op/bin:/opt/Xilinx/SDx/2017.4.op/tps/lnx64/jre/bin:/opt/Xilinx/SDK/2017.4.op/bin:/opt/Xilinx/Vivado/2017.4.op/bin:/home/centos/src/project_data/aws-fpga/shared/bin/scripts:/usr/local/Modules/bin:/usr/local/bin:/usr/bin:/usr/local/sbin:/usr/sbin:/srv/git/centos-git-common:/home/centos/.local/bin:/home/centos/bin
RELEASE_VER=2017.4
HDK_DIR=/home/centos/src/project_data/aws-fpga/hdk
SDK_DIR=/home/centos/src/project_data/aws-fpga/sdk
PWD=/home/centos/src/project_data/aws-fpga/git/gemxx-2017/gemx
XIL_CHECK_TCL_DEBUG=False
_LMFILES_=/usr/local/Modules/modulefiles/sdx
SDACCEL_DIR=/home/centos/src/project_data/aws-fpga/SDAccel
LANG=en_US.UTF-8
XILINX_VIVADO_HLS=/opt/Xilinx/Vivado/2017.4.op
HDK_COMMON_DIR=/home/centos/src/project_data/aws-fpga/hdk/common
MODULEPATH=/usr/local/Modules/modulefiles
HDI_APPROOT=/opt/Xilinx/SDx/2017.4.op
LOADEDMODULES=sdx
BOOST_COMPUTE_DEFAULT_VENDOR=Xilinx
XILINX_VIVADO=/opt/Xilinx/Vivado/2017.4.op
HISTCONTROL=ignoredups
XILINX_SDK=/opt/Xilinx/SDK/2017.4.op
INSTALL_ROOT=/opt/Xilinx/SDx/2017.4.rte.dyn
XILINX_OPENCL=/opt/Xilinx/SDx/2017.4.op
ISL_IOSTREAMS_RSA=/opt/Xilinx/SDx/2017.4.op/tps/isl
PATH_modshare=/usr/sbin:1:/opt/Xilinx/Vivado/2017.4.op/bin:1:/usr/bin:1:/usr/local/sbin:1:/opt/Xilinx/SDx/2017.4.op/bin:1:/usr/local/Modules/bin:1:/usr/local/bin:1:/srv/git/centos-git-common:1
SHLVL=5
HOME=/home/centos
RDI_BASEROOT=/opt/Xilinx/SDx
RDI_APPROOT=/opt/Xilinx/SDx/2017.4.op
SDA_FLOW=sw_emu
BASH_ENV=/usr/local/Modules/init/bash
PYTHONPATH=/home/centos/src/project_data/aws-fpga/shared/lib:/home/centos/src/project_data/aws-fpga/shared/bin/scripts:/opt/Xilinx/SDx/2017.4.op/bin:/opt/Xilinx/Vivado/2017.4.op/bin:/usr/local/Modules/bin:/usr/local/bin:/usr/bin:/usr/local/sbin:/usr/sbin:/srv/git/centos-git-common:/home/centos/.local/bin:/home/centos/bin
LOGNAME=centos
RDI_JAVA_PLATFORM=amd64
SSH_CONNECTION=192.55.78.2 57123 172.31.39.28 22
RDI_BINROOT=/opt/Xilinx/SDx/2017.4.op/bin
MODULESHOME=/usr/local/Modules
VIVADO_TOOL_VER=2017.4
LESSOPEN=||/usr/bin/lesspipe.sh %s
XILINX_SDX=/opt/Xilinx/SDx/2017.4.op
LOADEDMODULES_modshare=sdx:1
RDI_PROG=/opt/Xilinx/SDx/2017.4.op/bin/unwrapped/lnx64.o/xocc
XOCC_ADD_OPTIONS=--xp param:compiler.useHlsGpp=1
XDG_RUNTIME_DIR=/run/user/1000
XIL_NO_OVERRIDE=0
XIL_SUPPRESS_OVERRIDE_WARNINGS=1
XILINX_PLANAHEAD=/opt/Xilinx/SDx/2017.4.op
AWS_FPGA_REPO_DIR=/home/centos/src/project_data/aws-fpga
HDIPRELDPATH=/opt/Xilinx/SDx/2017.4.op/lib/lnx64.o/Default:/opt/Xilinx/SDx/2017.4.op/lib/lnx64.o:/opt/Xilinx/SDx/2017.4.op/lnx64/tools/opencv/:/opt/Xilinx/SDx/2017.4.op/lib/lnx64.o/Default:/opt/Xilinx/SDx/2017.4.op/lib/lnx64.o:/opt/Xilinx/SDx/2017.4.op/runtime/lib/x86_64:/opt/Xilinx/SDx/2017.4.op/bin/../lnx64/tools/dot/lib
RDI_INSTALLVER=2017.4.op
RDI_DATADIR=/opt/Xilinx/SDx/2017.4.op/data
RDI_INSTALLROOT=/opt/Xilinx
BASH_FUNC_allow_non_root()=() {  [ ! -z ${AWS_FPGA_ALLOW_NON_ROOT} ]
}
BASH_FUNC_module()=() {  eval `/usr/bin/tclsh /usr/local/Modules/libexec/modulecmd.tcl bash $*`
}
BASH_FUNC_switchml()=() {  typeset swfound=1;
 if [ "$MODULES_USE_COMPAT_VERSION" = '1' ]; then
 typeset swname='main';
 if [ -e /usr/local/Modules/libexec/modulecmd.tcl ]; then
 typeset swfound=0;
 unset MODULES_USE_COMPAT_VERSION;
 fi;
 else
 typeset swname='compatibility';
 if [ -e /usr/local/Modules/libexec/modulecmd-compat ]; then
 typeset swfound=0;
 MODULES_USE_COMPAT_VERSION=1;
 export MODULES_USE_COMPAT_VERSION;
 fi;
 fi;
 if [ $swfound -eq 0 ]; then
 echo "Switching to Modules $swname version";
 source /usr/local/Modules/init/bash;
 else
 echo "Cannot switch to Modules $swname version, command not found";
 return 1;
 fi
}
BASH_FUNC__moduleraw()=() {  eval `/usr/bin/tclsh /usr/local/Modules/libexec/modulecmd.tcl bash $*`
}
_=/opt/Xilinx/SDx/2017.4.op/bin/unwrapped/lnx64.o/xocc


XOCC command line :
------------------------------------------
/opt/Xilinx/SDx/2017.4.op/bin/unwrapped/lnx64.o/xocc -l --xp vivado_param:hd.routingContainmentAreaExpansion=true -t sw_emu --xp prop:solution.hls_pre_tcl=hls_config.tcl --xp param:compiler.worstNegativeSlack=-0.1 --xp prop:solution.platform_repo_paths=/home/centos/src/project_data/aws-fpga/git/gemxx-2017/gemx/dsa_f1/xilinx_aws-vu9p-f1-04261818_dynamic_5_0 --platform xilinx_aws-vu9p-f1-04261818_dynamic_5_0 -s -g --kernel_frequency 250 --sp gemxKernel_0.m_axi_gmemm:bank3 --nk gemxKernel_0:1:gemxKernel_0 out_sw_emu/k0dir/gemx.xo -o out_sw_emu/gemx.xclbin --xp param:compiler.useHlsGpp=1 
  Options from -O      : --xp param:compiler.enableRunInBitstreamGeneration=1 --xp "vivado_prop:run.__KERNEL__.{STEPS.SYNTH_DESIGN.ARGS.MORE OPTIONS}={-directive sdx_optimization_effort_high}" 
  Options from xocc.ini: 
  Options from DSA     : --xp param:compiler.lockFlowCritSlackThreshold=0 --xp vivado_param:bd.disablePrefixForFaasIntf=1 --xp vivado_param:hd.routingContainmentAreaExpansion=true --xp vivado_param:hd.supportClockNetCrossDiffReconfigurablePartitions=1 --xp vivado_param:bitstream.enablePR=4123 --xp vivado_param:physynth.ultraRAMOptOutput=false --xp vivado_prop:run.__KERNEL__.{STEPS.SYNTH_DESIGN.ARGS.MAX_URAM_CASCADE_HEIGHT}={1} --xp vivado_param:synth.elaboration.rodinMoreOptions={rt::set_parameter disableOregPackingUram true} 

Target platform : /home/centos/src/project_data/aws-fpga/git/gemxx-2017/gemx/dsa_f1/xilinx_aws-vu9p-f1-04261818_dynamic_5_0/xilinx_aws-vu9p-f1-04261818_dynamic_5_0.xpfm


------------------------------------------
internal step: generating xclbin xml file
timestamp: 15 Nov 2019 03:54:22
output: /home/centos/src/project_data/aws-fpga/git/gemxx-2017/gemx/_xocc_link_gemx_gemx.dir/impl/build/cpu_em/gemx/csim/gemx.xml
------------------------------------------
internal step: running regiongen
timestamp: 15 Nov 2019 03:54:22
launch dir: /home/centos/src/project_data/aws-fpga/git/gemxx-2017/gemx/_xocc_link_gemx_gemx.dir/impl/build/cpu_em/gemx/csim
cmd: /opt/Xilinx/SDx/2017.4.op/bin/../runtime/bin/regiongen_new -v -m /home/centos/src/project_data/aws-fpga/git/gemxx-2017/gemx/_xocc_link_gemx_gemx.dir/impl/build/cpu_em/gemx/csim/gemx.xml -t alg -o xcl_top
status: success
------------------------------------------
internal step: running gcc to generate obj files for kernel source
timestamp: 15 Nov 2019 03:54:22
launch dir: /home/centos/src/project_data/aws-fpga/git/gemxx-2017/gemx/_xocc_link_gemx_gemx.dir/impl/build/cpu_em/gemx/csim/gemxKernel_0
cmd: /opt/Xilinx/Vivado/2017.4.op/lnx64/tools/gcc/bin/gcc -I . -I /opt/Xilinx/Vivado/2017.4.op/bin/../include -I /opt/Xilinx/Vivado/2017.4.op/bin/../lnx64/tools/auto_cc/include -I /opt/Xilinx/SDx/2017.4.op/bin/../common/technology/autopilot/opencl -I /home/centos/src/project_data/aws-fpga/git/gemxx-2017/gemx/_xocc_link_gemx_gemx.dir/impl/kernels/gemxKernel_0/gemxKernel_0/cpu_sources -g -D GMEM_M=0 -D TEST_SDX=1 -D GEMX_dataType=short -D GEMX_XdataType=int32_t -D GEMX_dataEqIntType=short -D GEMX_ddrWidth=32 -D GEMX_XddrWidth=16 -D GEMX_argInstrWidth=1 -D GEMX_numInstr=16 -D GEMX_gemvkVectorBlocks=512 -D GEMX_gemvmVectorBlocks=512 -D GEMX_gemvmGroups=1 -D GEMX_gemmMBlocks=1 -D GEMX_gemmKBlocks=2 -D GEMX_gemmNBlocks=1 -D GEMX_keepMacBits=0 -D GEMX_macBits=48 -D GEMX_transpBlocks=1 -D GEMX_spmvWidth=8 -D GEMX_spmvkVectorBlocks=2048 -D GEMX_spmvMacGroups=12 -D GEMX_spmvColAddIdxBits=2 -D GEMX_spmvPadA=1 -D GEMX_spmvNumCblocks=1024 -D GEMX_spmvFloatPerDesc=4 -D GEMX_idxType=int32_t -D GEMX_nnzBlocks=8 -D GEMX_spmvKmaxBlocks=32768 -D GEMX_spmvMmaxBlocks=5462 -D GEMX_spmvUramGroups=6 -D GEMX_argPipeline=2 -D GEMX_part=vu9pf1 -D GEMX_useURAM=0 -D GEMX_splitMesh=0 -D GEMX_runGemv=0 -D GEMX_runGemm=1 -D GEMX_runTransp=0 -D GEMX_runSpmv=0 -D GEMX_numKernels=1 -D GEMX_kernelId=0 -I /home/centos/src/project_data/aws-fpga/git/gemxx-2017/gemx/src -I /home/centos/src/project_data/aws-fpga/git/gemxx-2017/gemx/src/python -std=c++0x -g -fPIC -g -c -std=c99 -MD -MT obj/gemx_kernel.o -MP -MF obj/gemx_kernel.Cd /home/centos/src/project_data/aws-fpga/git/gemxx-2017/gemx/_xocc_link_gemx_gemx.dir/impl/kernels/gemxKernel_0/gemxKernel_0/cpu_sources/gemx_kernel.cpp -o obj/gemx_kernel.o
status: success
------------------------------------------
internal step: running ar to generate .csim_cu.a
timestamp: 15 Nov 2019 03:54:26
launch dir: /home/centos/src/project_data/aws-fpga/git/gemxx-2017/gemx/_xocc_link_gemx_gemx.dir/impl/build/cpu_em/gemx/csim/gemxKernel_0
cmd: /opt/Xilinx/SDx/2017.4.op/bin/../gnu/binutils/bin/ar -cr /home/centos/src/project_data/aws-fpga/git/gemxx-2017/gemx/_xocc_link_gemx_gemx.dir/impl/build/cpu_em/gemx/csim/gemxKernel_0/gemxKernel_0.csim_cu.a /home/centos/src/project_data/aws-fpga/git/gemxx-2017/gemx/_xocc_link_gemx_gemx.dir/impl/build/cpu_em/gemx/csim/gemxKernel_0/obj/gemx_kernel.o
status: success
------------------------------------------
internal step: compiling xcl_top.cpp to obj/xcl_top.o
timestamp: 15 Nov 2019 03:54:26
launch dir: /home/centos/src/project_data/aws-fpga/git/gemxx-2017/gemx/_xocc_link_gemx_gemx.dir/impl/build/cpu_em/gemx/csim
cmd: /opt/Xilinx/Vivado/2017.4.op/lnx64/tools/gcc/bin/g++ -I . -I /opt/Xilinx/Vivado/2017.4.op/bin/../include -I /opt/Xilinx/SDx/2017.4.op/bin/../common/technology/autopilot/opencl -I /opt/Xilinx/Vivado/2017.4.op/bin/../lnx64/tools/auto_cc/include -fPIC -g -fpermissive -c -MD -MT obj/xcl_top.o -MP -MF obj/xcl_top.CXXd xcl_top.cpp -o obj/xcl_top.o
status: success
------------------------------------------
internal step: running g++ to generate .so
timestamp: 15 Nov 2019 03:54:26
launch dir: /home/centos/src/project_data/aws-fpga/git/gemxx-2017/gemx/_xocc_link_gemx_gemx.dir/impl/build/cpu_em/gemx/csim
cmd: /opt/Xilinx/Vivado/2017.4.op/lnx64/tools/gcc/bin/g++ -fPIC -Wall -shared -Wl,--whole-archive,-soname,gemx.so -o gemx.so gemxKernel_0/gemxKernel_0.csim_cu.a obj/xcl_top.o -Wl,--no-whole-archive -Wl,--as-needed -L /opt/Xilinx/Vivado/2017.4.op/bin/../lib/lnx64.o -lhlsmathsim -L /opt/Xilinx/Vivado/2017.4.op/bin/../lnx64/tools/fpo_v7_0 -lgmp -lmpfr -lIp_floating_point_v7_0_bitacc_cmodel -Wl,-rpath,/opt/Xilinx/Vivado/2017.4.op/bin/../lnx64/tools/fpo_v7_0 -L /opt/Xilinx/Vivado/2017.4.op/bin/../lnx64/tools/fft_v9_0 -lIp_xfft_v9_0_bitacc_cmodel -L /opt/Xilinx/Vivado/2017.4.op/bin/../lnx64/tools/fir_v7_0 -lgmp -lIp_fir_compiler_v7_2_bitacc_cmodel -L /opt/Xilinx/Vivado/2017.4.op/bin/../lnx64/lib/csim -lhlsmc++-GCC46
status: success
------------------------------------------
internal step: running xclbincat to generate xclbin
timestamp: 15 Nov 2019 03:54:26
launch dir: /home/centos/src/project_data/aws-fpga/git/gemxx-2017/gemx/_xocc_link_gemx_gemx.dir/impl/build/cpu_em/gemx/csim
cmd: /opt/Xilinx/SDx/2017.4.op/bin/../runtime/bin/xclbincat -nobitstream /home/centos/src/project_data/aws-fpga/git/gemxx-2017/gemx/_xocc_link_gemx_gemx.dir/impl/build/cpu_em/gemx/csim/gemx.so -k mode:sw_emu -k featureRomTimestamp:0 /home/centos/src/project_data/aws-fpga/git/gemxx-2017/gemx/_xocc_link_gemx_gemx.dir/impl/build/cpu_em/gemx/csim/gemx.xml /home/centos/src/project_data/aws-fpga/git/gemxx-2017/gemx/_xocc_link_gemx_gemx.dir/impl/build/cpu_em/gemx/csim/gemx.xcp --debugdata /dev/null
status: success
------------------------------------------
sw emulation completed
timestamp: 15 Nov 2019 03:54:26
